<?xml version="1.0" encoding="UTF-8"?>
<testsuite name="HeapSortTest" tests="1" skipped="0" failures="0" errors="0" timestamp="2019-09-19T06:57:10" hostname="DESKTOP-IJTRG7K" time="1.085">
  <properties/>
  <testcase name="test" classname="HeapSortTest" time="1.085"/>
  <system-out><![CDATA[]]></system-out>
  <system-err><![CDATA[]]></system-err>
</testsuite>
